TN:
SF:src/components/piece/color.ts
FN:1,(anonymous_0)
FN:6,not_color
FNF:2
FNH:1
FNDA:1,(anonymous_0)
FNDA:0,not_color
DA:1,1
DA:2,1
DA:3,1
DA:6,1
DA:7,0
LF:5
LH:4
BRDA:1,0,0,1
BRDA:1,0,1,1
BRDA:7,1,0,0
BRDA:7,1,1,0
BRF:4
BRH:2
end_of_record
TN:
SF:src/components/piece/piece.ts
FN:34,(anonymous_0)
FN:43,(anonymous_1)
FN:52,(anonymous_2)
FN:53,(anonymous_3)
FN:60,(anonymous_4)
FN:61,(anonymous_5)
FN:117,(anonymous_6)
FN:127,(anonymous_7)
FN:148,(anonymous_8)
FN:181,(anonymous_9)
FN:183,(anonymous_10)
FN:185,(anonymous_11)
FNF:12
FNH:0
FNDA:0,(anonymous_0)
FNDA:0,(anonymous_1)
FNDA:0,(anonymous_2)
FNDA:0,(anonymous_3)
FNDA:0,(anonymous_4)
FNDA:0,(anonymous_5)
FNDA:0,(anonymous_6)
FNDA:0,(anonymous_7)
FNDA:0,(anonymous_8)
FNDA:0,(anonymous_9)
FNDA:0,(anonymous_10)
FNDA:0,(anonymous_11)
DA:1,1
DA:2,1
DA:11,1
DA:13,1
DA:14,1
DA:15,1
DA:17,1
DA:24,0
DA:25,0
DA:26,0
DA:29,1
DA:32,0
DA:35,0
DA:36,0
DA:37,0
DA:38,0
DA:39,0
DA:40,0
DA:44,0
DA:45,0
DA:46,0
DA:47,0
DA:49,0
DA:53,0
DA:54,0
DA:55,0
DA:56,0
DA:61,0
DA:62,0
DA:64,0
DA:65,0
DA:67,0
DA:68,0
DA:70,0
DA:71,0
DA:73,0
DA:74,0
DA:76,0
DA:77,0
DA:79,0
DA:80,0
DA:82,0
DA:83,0
DA:85,0
DA:86,0
DA:88,0
DA:89,0
DA:91,0
DA:92,0
DA:94,0
DA:95,0
DA:97,0
DA:98,0
DA:100,0
DA:101,0
DA:103,0
DA:104,0
DA:106,0
DA:107,0
DA:109,0
DA:110,0
DA:112,0
DA:122,0
DA:123,0
DA:124,0
DA:134,0
DA:135,0
DA:137,0
DA:138,0
DA:139,0
DA:140,0
DA:141,0
DA:142,0
DA:145,0
DA:155,0
DA:156,0
DA:158,0
DA:159,0
DA:162,0
DA:163,0
DA:167,0
DA:168,0
DA:170,0
DA:171,0
DA:172,0
DA:175,0
DA:178,0
DA:182,0
DA:183,0
DA:184,0
DA:185,0
DA:187,0
LF:92
LH:8
BRDA:62,0,0,0
BRDA:62,0,1,0
BRDA:62,0,2,0
BRDA:62,0,3,0
BRDA:62,0,4,0
BRDA:62,0,5,0
BRDA:62,0,6,0
BRDA:62,0,7,0
BRDA:62,0,8,0
BRDA:62,0,9,0
BRDA:62,0,10,0
BRDA:62,0,11,0
BRDA:62,0,12,0
BRDA:62,0,13,0
BRDA:62,0,14,0
BRDA:62,0,15,0
BRDA:62,0,16,0
BRDA:158,1,0,0
BRDA:162,2,0,0
BRDA:167,3,0,0
BRDA:170,4,0,0
BRDA:170,5,0,0
BRDA:170,5,1,0
BRDA:171,6,0,0
BRDA:182,7,0,0
BRDA:182,7,1,0
BRDA:184,8,0,0
BRDA:184,8,1,0
BRDA:184,9,0,0
BRDA:184,9,1,0
BRF:30
BRH:0
end_of_record
TN:
SF:src/components/piece/piece_directions.ts
FN:3,(anonymous_0)
FN:22,piece_direction_modifier
FN:59,direction_by_modifier
FN:94,every_direction
FN:95,(anonymous_4)
FN:95,(anonymous_5)
FNF:6
FNH:1
FNDA:1,(anonymous_0)
FNDA:0,piece_direction_modifier
FNDA:0,direction_by_modifier
FNDA:0,every_direction
FNDA:0,(anonymous_4)
FNDA:0,(anonymous_5)
DA:3,1
DA:4,1
DA:5,1
DA:6,1
DA:7,1
DA:8,1
DA:9,1
DA:10,1
DA:11,1
DA:12,1
DA:13,1
DA:14,1
DA:15,1
DA:16,1
DA:17,1
DA:18,1
DA:19,1
DA:22,1
DA:23,0
DA:25,0
DA:27,0
DA:29,0
DA:31,0
DA:33,0
DA:35,0
DA:37,0
DA:39,0
DA:41,0
DA:43,0
DA:45,0
DA:47,0
DA:49,0
DA:51,0
DA:53,0
DA:55,0
DA:59,1
DA:60,0
DA:61,0
DA:62,0
DA:63,0
DA:64,0
DA:65,0
DA:66,0
DA:67,0
DA:68,0
DA:69,0
DA:70,0
DA:71,0
DA:72,0
DA:73,0
DA:74,0
DA:75,0
DA:76,0
DA:77,0
DA:78,0
DA:79,0
DA:80,0
DA:81,0
DA:82,0
DA:83,0
DA:84,0
DA:85,0
DA:86,0
DA:87,0
DA:88,0
DA:89,0
DA:90,0
DA:91,0
DA:94,1
DA:95,0
LF:70
LH:20
BRDA:3,0,0,1
BRDA:3,0,1,1
BRDA:23,1,0,0
BRDA:23,1,1,0
BRDA:23,1,2,0
BRDA:23,1,3,0
BRDA:23,1,4,0
BRDA:23,1,5,0
BRDA:23,1,6,0
BRDA:23,1,7,0
BRDA:23,1,8,0
BRDA:23,1,9,0
BRDA:23,1,10,0
BRDA:23,1,11,0
BRDA:23,1,12,0
BRDA:23,1,13,0
BRDA:23,1,14,0
BRDA:23,1,15,0
BRDA:60,2,0,0
BRDA:60,3,0,0
BRDA:60,3,1,0
BRDA:62,4,0,0
BRDA:62,5,0,0
BRDA:62,5,1,0
BRDA:64,6,0,0
BRDA:64,7,0,0
BRDA:64,7,1,0
BRDA:66,8,0,0
BRDA:66,9,0,0
BRDA:66,9,1,0
BRDA:68,10,0,0
BRDA:68,11,0,0
BRDA:68,11,1,0
BRDA:70,12,0,0
BRDA:70,13,0,0
BRDA:70,13,1,0
BRDA:72,14,0,0
BRDA:72,15,0,0
BRDA:72,15,1,0
BRDA:74,16,0,0
BRDA:74,17,0,0
BRDA:74,17,1,0
BRDA:76,18,0,0
BRDA:76,19,0,0
BRDA:76,19,1,0
BRDA:78,20,0,0
BRDA:78,21,0,0
BRDA:78,21,1,0
BRDA:80,22,0,0
BRDA:80,23,0,0
BRDA:80,23,1,0
BRDA:82,24,0,0
BRDA:82,25,0,0
BRDA:82,25,1,0
BRDA:84,26,0,0
BRDA:84,27,0,0
BRDA:84,27,1,0
BRDA:86,28,0,0
BRDA:86,29,0,0
BRDA:86,29,1,0
BRDA:88,30,0,0
BRDA:88,31,0,0
BRDA:88,31,1,0
BRDA:90,32,0,0
BRDA:90,33,0,0
BRDA:90,33,1,0
BRF:66
BRH:2
end_of_record
TN:
SF:src/components/piece/piece_types.ts
FN:1,(anonymous_0)
FNF:1
FNH:1
FNDA:1,(anonymous_0)
DA:1,1
DA:2,1
DA:3,1
DA:4,1
DA:5,1
DA:6,1
DA:7,1
LF:7
LH:7
BRDA:1,0,0,1
BRDA:1,0,1,1
BRF:2
BRH:2
end_of_record
TN:
SF:src/components/square/square_id.ts
FN:28,(anonymous_0)
FN:32,(anonymous_1)
FN:36,(anonymous_2)
FN:44,(anonymous_3)
FN:49,(anonymous_4)
FNF:5
FNH:0
FNDA:0,(anonymous_0)
FNDA:0,(anonymous_1)
FNDA:0,(anonymous_2)
FNDA:0,(anonymous_3)
FNDA:0,(anonymous_4)
DA:1,1
DA:3,1
DA:5,1
DA:6,1
DA:17,1
DA:29,0
DA:33,0
DA:37,0
DA:38,0
DA:45,0
DA:46,0
DA:50,0
DA:53,0
DA:54,0
DA:57,0
DA:60,0
DA:61,0
DA:64,0
DA:65,0
DA:70,0
DA:72,0
DA:75,0
LF:22
LH:5
BRDA:29,0,0,0
BRDA:29,0,1,0
BRF:2
BRH:0
end_of_record
TN:
SF:src/controllers/game_controller.ts
FN:5,(anonymous_0)
FNF:1
FNH:0
FNDA:0,(anonymous_0)
DA:1,1
DA:2,1
DA:3,1
DA:6,0
DA:7,0
DA:9,0
LF:6
LH:3
BRDA:6,0,0,0
BRDA:6,0,1,0
BRF:2
BRH:0
end_of_record
TN:
SF:src/models/square_grid.ts
FN:11,(anonymous_0)
FN:24,(anonymous_1)
FN:32,(anonymous_2)
FN:36,(anonymous_3)
FN:48,(anonymous_4)
FN:55,(anonymous_5)
FNF:6
FNH:0
FNDA:0,(anonymous_0)
FNDA:0,(anonymous_1)
FNDA:0,(anonymous_2)
FNDA:0,(anonymous_3)
FNDA:0,(anonymous_4)
FNDA:0,(anonymous_5)
DA:4,1
DA:5,1
DA:6,1
DA:8,1
DA:9,1
DA:12,0
DA:13,0
DA:14,0
DA:15,0
DA:16,0
DA:17,0
DA:21,0
DA:25,0
DA:26,0
DA:28,0
DA:33,0
DA:37,0
DA:38,0
DA:39,0
DA:40,0
DA:41,0
DA:45,0
DA:49,0
DA:50,0
DA:52,0
DA:56,0
DA:57,0
DA:66,0
LF:28
LH:5
BRDA:16,0,0,0
BRDA:25,1,0,0
BRDA:25,1,1,0
BRDA:40,2,0,0
BRDA:49,3,0,0
BRDA:56,4,0,0
BRDA:56,4,1,0
BRF:7
BRH:0
end_of_record
TN:
SF:src/utils/arrays.ts
FN:1,arrays_are_equal
FNF:1
FNH:1
FNDA:6,arrays_are_equal
DA:1,1
DA:3,6
DA:4,1
DA:8,5
DA:9,8
DA:10,2
DA:15,3
LF:7
LH:7
BRDA:3,0,0,1
BRDA:9,1,0,2
BRF:2
BRH:2
end_of_record
TN:
SF:src/utils/bounds.ts
FN:4,are_coors_within_board_bounds
FNF:1
FNH:1
FNDA:15,are_coors_within_board_bounds
DA:1,3
DA:2,3
DA:4,3
DA:5,15
DA:6,2
DA:8,13
DA:9,1
DA:12,12
DA:13,9
DA:15,7
DA:16,6
DA:18,5
LF:12
LH:12
BRDA:5,0,0,2
BRDA:8,1,0,1
BRDA:12,2,0,3
BRDA:13,3,0,2
BRDA:15,4,0,1
BRDA:16,5,0,1
BRF:6
BRH:6
end_of_record
TN:
SF:src/utils/grid.ts
FN:6,square_is_empty
FN:10,surrounding_points
FNF:2
FNH:0
FNDA:0,square_is_empty
FNDA:0,surrounding_points
DA:2,1
DA:3,1
DA:4,1
DA:6,1
DA:7,0
DA:10,1
DA:11,0
DA:14,0
DA:26,0
DA:27,0
DA:28,0
DA:31,0
DA:32,0
DA:36,0
LF:14
LH:5
BRDA:31,0,0,0
BRF:1
BRH:0
end_of_record
TN:
SF:src/utils/math.ts
FN:4,distance_between_points
FN:6,(anonymous_1)
FNF:2
FNH:2
FNDA:2,distance_between_points
FNDA:3,(anonymous_1)
DA:2,1
DA:4,1
DA:6,2
DA:7,3
DA:8,1
DA:12,1
DA:13,1
DA:15,1
DA:16,1
LF:9
LH:9
BRDA:7,0,0,1
BRF:1
BRH:1
end_of_record
